using rdkit
parse_int_list 0,0,0,1,1,1,1,1,1
parse_int_list 1,1,1,1,1,1,1,1,1
seed:  222601350
Traceback (most recent call last):
  File "/mnt/fastdata/acq22mc/exp/tdmolflow/train.py", line 682, in <module>
    main()
  File "/fastdata/acq22mc/anaconda/.envs/tdmolflow/lib/python3.11/site-packages/click/core.py", line 1157, in __call__
    return self.main(*args, **kwargs)
           ^^^^^^^^^^^^^^^^^^^^^^^^^^
  File "/fastdata/acq22mc/anaconda/.envs/tdmolflow/lib/python3.11/site-packages/click/core.py", line 1078, in main
    rv = self.invoke(ctx)
         ^^^^^^^^^^^^^^^^
  File "/fastdata/acq22mc/anaconda/.envs/tdmolflow/lib/python3.11/site-packages/click/core.py", line 1434, in invoke
    return ctx.invoke(self.callback, **ctx.params)
           ^^^^^^^^^^^^^^^^^^^^^^^^^^^^^^^^^^^^^^^
  File "/fastdata/acq22mc/anaconda/.envs/tdmolflow/lib/python3.11/site-packages/click/core.py", line 783, in invoke
    return __callback(*args, **kwargs)
           ^^^^^^^^^^^^^^^^^^^^^^^^^^^
  File "/mnt/fastdata/acq22mc/exp/tdmolflow/train.py", line 580, in main
    assert opts.resume_id is not None
AssertionError
/var/spool/slurmd/job3734182/slurm_script: line 32: oqnd4apl: command not found
